10:25:19:355 [10840] | INFO  | Initializing crosire's ReShade version '4.9.1.1003' (64-bit) built on '2021-01-09 21:12:36' loaded from "D:\Games\STALKER Anomaly\bin\dxgi.dll" into "D:\Games\STALKER Anomaly\bin\AnomalyDX11AVX.exe" ...
10:25:19:387 [10840] | INFO  | Registering hooks for "user32.dll" ...
10:25:19:388 [10840] | INFO  | > Libraries loaded.
10:25:19:389 [10840] | INFO  | > Found 14 match(es). Installing ...
10:25:19:420 [10840] | INFO  | Registering hooks for "ws2_32.dll" ...
10:25:19:420 [10840] | INFO  | > Libraries loaded.
10:25:19:421 [10840] | INFO  | > Found 8 match(es). Installing ...
10:25:19:452 [10840] | INFO  | Registering hooks for "C:\WINDOWS\system32\d2d1.dll" ...
10:25:19:453 [10840] | INFO  | > Delayed.
10:25:19:453 [10840] | INFO  | Registering hooks for "C:\WINDOWS\system32\d3d9.dll" ...
10:25:19:453 [10840] | INFO  | > Delayed.
10:25:19:453 [10840] | INFO  | Registering hooks for "C:\WINDOWS\system32\d3d10.dll" ...
10:25:19:454 [10840] | INFO  | > Delayed.
10:25:19:454 [10840] | INFO  | Registering hooks for "C:\WINDOWS\system32\d3d10_1.dll" ...
10:25:19:455 [10840] | INFO  | > Delayed.
10:25:19:455 [10840] | INFO  | Registering hooks for "C:\WINDOWS\system32\d3d11.dll" ...
10:25:19:455 [10840] | INFO  | > Libraries loaded.
10:25:19:455 [10840] | INFO  | > Found 2 match(es). Installing ...
10:25:19:486 [10840] | INFO  | Registering hooks for "C:\WINDOWS\system32\d3d12.dll" ...
10:25:19:486 [10840] | INFO  | > Delayed.
10:25:19:487 [10840] | INFO  | Registering hooks for "C:\WINDOWS\system32\dxgi.dll" ...
10:25:19:487 [10840] | INFO  | > Delayed until first call to an exported function.
10:25:19:487 [10840] | INFO  | Registering hooks for "C:\WINDOWS\system32\opengl32.dll" ...
10:25:19:487 [10840] | INFO  | > Delayed.
10:25:19:488 [10840] | INFO  | Initialized.
10:25:19:496 [10840] | WARN  | Ignoring LoadLibrary("kernel32.dll") call to avoid possible deadlock.
10:25:29:232 [10840] | INFO  | Redirecting RegisterClassA(lpWndClass = 000000000131F8F0 { _XRAY_1.5 }) ...
10:25:29:232 [10840] | INFO  | > Adding 'CS_OWNDC' window class style flag to '_XRAY_1.5'.
10:25:29:269 [10840] | INFO  | Redirecting RegisterClassExA(lpWndClassEx = 000000000131F800 { TestDX11WindowClass }) ...
10:25:29:269 [10840] | INFO  | > Adding 'CS_OWNDC' window class style flag to 'TestDX11WindowClass'.
10:25:29:274 [10840] | INFO  | Redirecting D3D11CreateDeviceAndSwapChain(pAdapter = 0000000000000000, DriverType = 1, Software = 0000000000000000, Flags = 0, pFeatureLevels = 000000000131F880, FeatureLevels = 1, SDKVersion = 7, pSwapChainDesc = 000000000131F7B0, ppSwapChain = 000000000131F898, ppDevice = 000000000131F7A0, pFeatureLevel = 000000000131F888, ppImmediateContext = 000000000131F890) ...
10:25:29:274 [10840] | INFO  | Redirecting CreateDXGIFactory2(Flags = 0x80000000, riid = {7B7166EC-21C7-44AE-B21A-C9AE321AE369}, ppFactory = 000000000131F028) ...
10:25:29:276 [10840] | INFO  | Installing export hooks for "C:\WINDOWS\system32\dxgi.dll" ...
10:25:29:277 [10840] | INFO  | > Found 5 match(es). Installing ...
10:25:29:474 [12800] | WARN  | Ignoring LoadLibrary("api-ms-win-appmodel-runtime-l1-1-2") call to avoid possible deadlock.
10:25:29:474 [07904] | WARN  | Ignoring LoadLibrary("api-ms-win-appmodel-runtime-l1-1-2") call to avoid possible deadlock.
10:25:29:474 [11428] | WARN  | Ignoring LoadLibrary("api-ms-win-appmodel-runtime-l1-1-2") call to avoid possible deadlock.
10:25:29:474 [04896] | WARN  | Ignoring LoadLibrary("api-ms-win-appmodel-runtime-l1-1-2") call to avoid possible deadlock.
10:25:29:474 [08868] | WARN  | Ignoring LoadLibrary("api-ms-win-appmodel-runtime-l1-1-2") call to avoid possible deadlock.
10:25:29:501 [10840] | INFO  | > Using feature level 0xb000.
10:25:29:501 [10840] | INFO  | > Calling IDXGIFactory::CreateSwapChain:
10:25:29:502 [10840] | INFO  | Redirecting IDXGIFactory::CreateSwapChain(this = 000000000CE1A330, pDevice = 000000000C7CBB00, pDesc = 000000000131F7B0, ppSwapChain = 000000000131F898) ...
10:25:29:502 [10840] | INFO  | > Dumping swap chain description:
10:25:29:502 [10840] | INFO  |   +-----------------------------------------+-----------------------------------------+
10:25:29:502 [10840] | INFO  |   | Parameter                               | Value                                   |
10:25:29:503 [10840] | INFO  |   +-----------------------------------------+-----------------------------------------+
10:25:29:503 [10840] | INFO  |   | Width                                   | 800                                     |
10:25:29:503 [10840] | INFO  |   | Height                                  | 600                                     |
10:25:29:503 [10840] | INFO  |   | RefreshRate                             | 60                  1                   |
10:25:29:504 [10840] | INFO  |   | Format                                  | DXGI_FORMAT_R8G8B8A8_UNORM              |
10:25:29:504 [10840] | INFO  |   | ScanlineOrdering                        | 0                                       |
10:25:29:508 [10840] | INFO  |   | Scaling                                 | 0                                       |
10:25:29:509 [10840] | INFO  |   | SampleCount                             | 1                                       |
10:25:29:512 [10840] | INFO  |   | SampleQuality                           | 0                                       |
10:25:29:513 [10840] | INFO  |   | BufferUsage                             | 0x20                                    |
10:25:29:516 [10840] | INFO  |   | BufferCount                             | 1                                       |
10:25:29:517 [10840] | INFO  |   | OutputWindow                            | 00000000002106CA                        |
10:25:29:521 [10840] | INFO  |   | Windowed                                | TRUE                                    |
10:25:29:525 [10840] | INFO  |   | SwapEffect                              | 0                                       |
10:25:29:530 [10840] | INFO  |   | Flags                                   | 0                                       |
10:25:29:530 [10840] | INFO  |   +-----------------------------------------+-----------------------------------------+
10:25:29:696 [10840] | INFO  | Running on NVIDIA GeForce GTX 1050 Ti
10:25:29:700 [10840] | INFO  | Recreated runtime environment on runtime 000000000B8743C0.
10:25:29:700 [10840] | INFO  | Destroyed runtime environment on runtime 000000000B8743C0.
10:25:35:639 [10840] | INFO  | Redirecting CreateDXGIFactory(riid = {7B7166EC-21C7-44AE-B21A-C9AE321AE369}, ppFactory = 000000000131F480) ...
10:25:35:639 [10840] | INFO  | > Passing on to CreateDXGIFactory1:
10:25:35:640 [10840] | INFO  | Redirecting CreateDXGIFactory1(riid = {7B7166EC-21C7-44AE-B21A-C9AE321AE369}, ppFactory = 000000000131F480) ...
10:25:35:641 [10840] | INFO  | Redirecting D3D11CreateDeviceAndSwapChain(pAdapter = 0000000000000000, DriverType = 1, Software = 0000000000000000, Flags = 0, pFeatureLevels = 000000000131F650, FeatureLevels = 1, SDKVersion = 7, pSwapChainDesc = 0000000000CF2978, ppSwapChain = 0000000000CF2900, ppDevice = 0000000000CF28F0, pFeatureLevel = 0000000000CF29C4, ppImmediateContext = 0000000000CF28F8) ...
10:25:35:642 [10840] | INFO  | Redirecting CreateDXGIFactory2(Flags = 0x80000000, riid = {7B7166EC-21C7-44AE-B21A-C9AE321AE369}, ppFactory = 000000000131ED68) ...
10:25:35:757 [14224] | WARN  | Ignoring LoadLibrary("api-ms-win-appmodel-runtime-l1-1-2") call to avoid possible deadlock.
10:25:35:757 [08408] | WARN  | Ignoring LoadLibrary("api-ms-win-appmodel-runtime-l1-1-2") call to avoid possible deadlock.
10:25:35:757 [09416] | WARN  | Ignoring LoadLibrary("api-ms-win-appmodel-runtime-l1-1-2") call to avoid possible deadlock.
10:25:35:780 [10840] | INFO  | > Using feature level 0xb000.
10:25:35:781 [10840] | INFO  | > Calling IDXGIFactory::CreateSwapChain:
10:25:35:781 [10840] | INFO  | Redirecting IDXGIFactory::CreateSwapChain(this = 000000000CE19430, pDevice = 000000000D3908F0, pDesc = 0000000000CF2978, ppSwapChain = 0000000000CF2900) ...
10:25:35:781 [10840] | INFO  | > Dumping swap chain description:
10:25:35:785 [10840] | INFO  |   +-----------------------------------------+-----------------------------------------+
10:25:35:785 [10840] | INFO  |   | Parameter                               | Value                                   |
10:25:35:785 [10840] | INFO  |   +-----------------------------------------+-----------------------------------------+
10:25:35:785 [10840] | INFO  |   | Width                                   | 1600                                    |
10:25:35:785 [10840] | INFO  |   | Height                                  | 900                                     |
10:25:35:786 [10840] | INFO  |   | RefreshRate                             | 60                  1                   |
10:25:35:786 [10840] | INFO  |   | Format                                  | DXGI_FORMAT_R8G8B8A8_UNORM              |
10:25:35:790 [10840] | INFO  |   | ScanlineOrdering                        | 0                                       |
10:25:35:791 [10840] | INFO  |   | Scaling                                 | 0                                       |
10:25:35:795 [10840] | INFO  |   | SampleCount                             | 1                                       |
10:25:35:795 [10840] | INFO  |   | SampleQuality                           | 0                                       |
10:25:35:799 [10840] | INFO  |   | BufferUsage                             | 0x20                                    |
10:25:35:800 [10840] | INFO  |   | BufferCount                             | 2                                       |
10:25:35:804 [10840] | INFO  |   | OutputWindow                            | 00000000001406C2                        |
10:25:35:804 [10840] | INFO  |   | Windowed                                | TRUE                                    |
10:25:35:808 [10840] | INFO  |   | SwapEffect                              | 1                                       |
10:25:35:809 [10840] | INFO  |   | Flags                                   | 0                                       |
10:25:35:814 [10840] | INFO  |   +-----------------------------------------+-----------------------------------------+
10:25:35:894 [10840] | INFO  | Running on NVIDIA GeForce GTX 1050 Ti
10:25:35:902 [10840] | INFO  | Recreated runtime environment on runtime 0000000017445910.
10:25:39:122 [10424] | INFO  | Successfully loaded "D:\Games\STALKER Anomaly\bin\reshade-shaders\Shaders\Curves.fx".
10:25:39:124 [07196] | INFO  | Successfully loaded "D:\Games\STALKER Anomaly\bin\reshade-shaders\Shaders\LumaSharpen.fx".
10:25:39:124 [08020] | INFO  | Successfully loaded "D:\Games\STALKER Anomaly\bin\reshade-shaders\Shaders\FilmGrain.fx".
10:25:39:127 [12028] | INFO  | Successfully loaded "D:\Games\STALKER Anomaly\bin\reshade-shaders\Shaders\AmbientLight.fx".
10:25:39:129 [13424] | INFO  | Successfully loaded "D:\Games\STALKER Anomaly\bin\reshade-shaders\Shaders\Vignette.fx".
10:25:39:130 [03020] | INFO  | Successfully loaded "D:\Games\STALKER Anomaly\bin\reshade-shaders\Shaders\MXAO.fx".
10:25:39:130 [08020] | INFO  | Successfully loaded "D:\Games\STALKER Anomaly\bin\reshade-shaders\Shaders\FilmGrain2.fx".
10:25:39:131 [12028] | INFO  | Successfully loaded "D:\Games\STALKER Anomaly\bin\reshade-shaders\Shaders\Cartoon.fx".
10:25:39:135 [08864] | INFO  | Successfully loaded "D:\Games\STALKER Anomaly\bin\reshade-shaders\Shaders\AstrayFX\Clarity.fx".
10:25:39:136 [12028] | INFO  | Successfully loaded "D:\Games\STALKER Anomaly\bin\reshade-shaders\Shaders\Colourfulness.fx".
10:25:39:140 [13424] | INFO  | Successfully loaded "D:\Games\STALKER Anomaly\bin\reshade-shaders\Shaders\qUINT\qUINT_lightroom.fx".
10:25:39:141 [08864] | INFO  | Successfully loaded "D:\Games\STALKER Anomaly\bin\reshade-shaders\Shaders\Fubax\FilmicAnamorphSharpen.fx".
10:25:39:145 [03020] | INFO  | Successfully loaded "D:\Games\STALKER Anomaly\bin\reshade-shaders\Shaders\SMAA.fx".
10:25:39:148 [03020] | INFO  | Successfully loaded "D:\Games\STALKER Anomaly\bin\reshade-shaders\Shaders\Technicolor2.fx".
10:25:40:369 [10840] | INFO  | Loading image files for textures ...
10:25:40:566 [10840] | INFO  | Resizing image data for texture 'V__lensDBTex' from 1024x576 to 1920x1080 ...
10:25:40:666 [10840] | INFO  | Resizing image data for texture 'V__lensDB2Tex' from 1024x576 to 1920x1080 ...
10:30:37:723 [10840] | INFO  | Destroyed runtime environment on runtime 0000000017445910.
10:30:37:728 [10840] | WARN  | Reference count for IDXGIDevice1 object 000000000B3BD310 is inconsistent.
10:30:37:729 [10840] | WARN  | Reference count for ID3D11Device0 object 000000000D3908F0 is inconsistent.
10:30:37:957 [10840] | INFO  | Exiting ...
10:30:37:959 [10840] | INFO  | Uninstalling 37 hook(s) ...
10:30:39:056 [10840] | INFO  | Finished exiting.
